SmsListenerApp/app/build/intermediates/manifest_merge_blame_file/debug/manifest-merger-blame-debug-report.txt
1<?xml version="1.0" encoding="utf-8"?>
2<manifest xmlns:android="http://schemas.android.com/apk/res/android"
3    package="com.example.smslistenerapp"
4    android:versionCode="1"
5    android:versionName="1.0" >
6
7    <uses-sdk
8        android:minSdkVersion="21"
8-->src\main\AndroidManifest.xml
9        android:targetSdkVersion="30" />
9-->src\main\AndroidManifest.xml
10
11    <uses-permission android:name="android.permission.RECEIVE_SMS" />
11-->src\main\AndroidManifest.xml:5:5-69
11-->src\main\AndroidManifest.xml:5:22-67
12    <uses-permission android:name="android.permission.READ_SMS" />
12-->src\main\AndroidManifest.xml:6:5-67
12-->src\main\AndroidManifest.xml:6:22-64
13
14    <application
14-->src\main\AndroidManifest.xml:8:5-35:19
15        android:allowBackup="true"
15-->src\main\AndroidManifest.xml:9:9-35
16        android:appComponentFactory="androidx.core.app.CoreComponentFactory"
16-->[androidx.core:core:1.3.1] AndroidManifest.xml:24:18-86
17        android:debuggable="true"
18        android:icon="@mipmap/ic_launcher"
18-->src\main\AndroidManifest.xml:10:9-43
19        android:label="@string/app_name"
19-->src\main\AndroidManifest.xml:11:9-41
20        android:roundIcon="@mipmap/ic_launcher_round"
20-->src\main\AndroidManifest.xml:12:9-54
21        android:supportsRtl="true"
21-->src\main\AndroidManifest.xml:13:9-35
22        android:theme="@style/AppTheme" >
22-->src\main\AndroidManifest.xml:14:9-40
23        <receiver
23-->src\main\AndroidManifest.xml:15:9-23:20
24            android:name="com.example.smslistenerapp.SmsReceiver"
24-->src\main\AndroidManifest.xml:16:13-40
25            android:enabled="true"
25-->src\main\AndroidManifest.xml:17:13-35
26            android:exported="true" >
26-->src\main\AndroidManifest.xml:18:13-36
27            <intent-filter>
27-->src\main\AndroidManifest.xml:20:13-22:29
28                <action android:name="android.provider.Telephony.SMS_RECEIVED" />
28-->src\main\AndroidManifest.xml:21:17-82
28-->src\main\AndroidManifest.xml:21:25-79
29            </intent-filter>
30        </receiver>
31
32        <activity android:name="com.example.smslistenerapp.SmsReceiverActivity" >
32-->src\main\AndroidManifest.xml:25:9-27:20
32-->src\main\AndroidManifest.xml:25:19-54
33            android:theme="@style/SmsReceiverTheme">
34        </activity>
35        <activity android:name="com.example.smslistenerapp.MainActivity" >
35-->src\main\AndroidManifest.xml:28:9-34:20
35-->src\main\AndroidManifest.xml:28:19-47
36            <intent-filter>
36-->src\main\AndroidManifest.xml:29:13-33:29
37                <action android:name="android.intent.action.MAIN" />
37-->src\main\AndroidManifest.xml:30:17-69
37-->src\main\AndroidManifest.xml:30:25-66
38
39                <category android:name="android.intent.category.LAUNCHER" />
39-->src\main\AndroidManifest.xml:32:17-77
39-->src\main\AndroidManifest.xml:32:27-74
40            </intent-filter>
41        </activity>
42    </application>
43
44</manifest>